W0111 01:01:05.237000 39858 torch/distributed/run.py:803] 
W0111 01:01:05.237000 39858 torch/distributed/run.py:803] *****************************************
W0111 01:01:05.237000 39858 torch/distributed/run.py:803] Setting OMP_NUM_THREADS environment variable for each process to be 1 in default, to avoid your system being overloaded, please further tune the variable for optimal performance in your application as needed. 
W0111 01:01:05.237000 39858 torch/distributed/run.py:803] *****************************************
[Gloo] Rank [Gloo] Rank 10 is connected to  is connected to 11 peer ranks.  peer ranks. Expected number of connected peer ranks is : Expected number of connected peer ranks is : 11

[2026-01-11 01:01:12,779][INFO][rank=0] CPU detected; config=bringup_1p3b is too large for CPU smoke. Switching to config=debug_tiny. Use --allow-large-cpu to disable.
[rank0]: Traceback (most recent call last):
[rank0]:   File "<frozen runpy>", line 198, in _run_module_as_main
[rank0]:   File "<frozen runpy>", line 88, in _run_code
[rank0]:   File "/home/ubuntu/work/app4/app4/ttt/train/train.py", line 386, in <module>
[rank0]:     main()
[rank0]:   File "/home/ubuntu/work/app4/app4/ttt/train/train.py", line 327, in main
[rank0]:     logits, _ = model(input_ids, cache=None, use_dual=True, checkpoint_ttt=True)
[rank0]:                 ^^^^^^^^^^^^^^^^^^^^^^^^^^^^^^^^^^^^^^^^^^^^^^^^^^^^^^^^^^^^^^^^
[rank0]:   File "/home/ubuntu/work/app4/.venv/lib/python3.12/site-packages/torch/nn/modules/module.py", line 1775, in _wrapped_call_impl
[rank0]:     return self._call_impl(*args, **kwargs)
[rank0]:            ^^^^^^^^^^^^^^^^^^^^^^^^^^^^^^^^
[rank0]:   File "/home/ubuntu/work/app4/.venv/lib/python3.12/site-packages/torch/nn/modules/module.py", line 1786, in _call_impl
[rank0]:     return forward_call(*args, **kwargs)
[rank0]:            ^^^^^^^^^^^^^^^^^^^^^^^^^^^^^
[rank0]:   File "/home/ubuntu/work/app4/.venv/lib/python3.12/site-packages/torch/distributed/fsdp/fully_sharded_data_parallel.py", line 851, in forward
[rank0]:     output = self._fsdp_wrapped_module(*args, **kwargs)
[rank0]:              ^^^^^^^^^^^^^^^^^^^^^^^^^^^^^^^^^^^^^^^^^^
[rank0]:   File "/home/ubuntu/work/app4/.venv/lib/python3.12/site-packages/torch/nn/modules/module.py", line 1775, in _wrapped_call_impl
[rank0]:     return self._call_impl(*args, **kwargs)
[rank0]:            ^^^^^^^^^^^^^^^^^^^^^^^^^^^^^^^^
[rank0]:   File "/home/ubuntu/work/app4/.venv/lib/python3.12/site-packages/torch/nn/modules/module.py", line 1786, in _call_impl
[rank0]:     return forward_call(*args, **kwargs)
[rank0]:            ^^^^^^^^^^^^^^^^^^^^^^^^^^^^^
[rank0]:   File "/home/ubuntu/work/app4/app4/ttt/model/llama_ttt.py", line 144, in forward
[rank0]:     cache = self.init_cache(b, device=x.device, dtype=x.dtype)
[rank0]:             ^^^^^^^^^^^^^^^^^^^^^^^^^^^^^^^^^^^^^^^^^^^^^^^^^^
[rank0]:   File "/home/ubuntu/work/app4/app4/ttt/model/llama_ttt.py", line 122, in init_cache
[rank0]:     _unwrap_fsdp(layer).init_state(batch_size, device=device, dtype=torch.float32)
[rank0]:   File "/home/ubuntu/work/app4/app4/ttt/model/llama_ttt.py", line 75, in init_state
[rank0]:     return self.mixer.init_state(batch_size, device=device, dtype=dtype)
[rank0]:            ^^^^^^^^^^^^^^^^^^^^^^^^^^^^^^^^^^^^^^^^^^^^^^^^^^^^^^^^^^^^^
[rank0]:   File "/home/ubuntu/work/app4/app4/ttt/layers/ttt_linear.py", line 213, in init_state
[rank0]:     return w0.unsqueeze(0).expand(batch_size, -1, -1, -1).clone()
[rank0]:            ^^^^^^^^^^^^^^^
[rank0]: RuntimeError: Output 0 of ViewBackward0 is a view and its base or another view of its base has been modified inplace. This view is the output of a function that returns multiple views. Such functions do not allow the output views to be modified inplace. You should replace the inplace operation by an out-of-place one.
[rank1]: Traceback (most recent call last):
[rank1]:   File "<frozen runpy>", line 198, in _run_module_as_main
[rank1]:   File "<frozen runpy>", line 88, in _run_code
[rank1]:   File "/home/ubuntu/work/app4/app4/ttt/train/train.py", line 386, in <module>
[rank1]:     main()
[rank1]:   File "/home/ubuntu/work/app4/app4/ttt/train/train.py", line 327, in main
[rank1]:     logits, _ = model(input_ids, cache=None, use_dual=True, checkpoint_ttt=True)
[rank1]:                 ^^^^^^^^^^^^^^^^^^^^^^^^^^^^^^^^^^^^^^^^^^^^^^^^^^^^^^^^^^^^^^^^
[rank1]:   File "/home/ubuntu/work/app4/.venv/lib/python3.12/site-packages/torch/nn/modules/module.py", line 1775, in _wrapped_call_impl
[rank1]:     return self._call_impl(*args, **kwargs)
[rank1]:            ^^^^^^^^^^^^^^^^^^^^^^^^^^^^^^^^
[rank1]:   File "/home/ubuntu/work/app4/.venv/lib/python3.12/site-packages/torch/nn/modules/module.py", line 1786, in _call_impl
[rank1]:     return forward_call(*args, **kwargs)
[rank1]:            ^^^^^^^^^^^^^^^^^^^^^^^^^^^^^
[rank1]:   File "/home/ubuntu/work/app4/.venv/lib/python3.12/site-packages/torch/distributed/fsdp/fully_sharded_data_parallel.py", line 851, in forward
[rank1]:     output = self._fsdp_wrapped_module(*args, **kwargs)
[rank1]:              ^^^^^^^^^^^^^^^^^^^^^^^^^^^^^^^^^^^^^^^^^^
[rank1]:   File "/home/ubuntu/work/app4/.venv/lib/python3.12/site-packages/torch/nn/modules/module.py", line 1775, in _wrapped_call_impl
[rank1]:     return self._call_impl(*args, **kwargs)
[rank1]:            ^^^^^^^^^^^^^^^^^^^^^^^^^^^^^^^^
[rank1]:   File "/home/ubuntu/work/app4/.venv/lib/python3.12/site-packages/torch/nn/modules/module.py", line 1786, in _call_impl
[rank1]:     return forward_call(*args, **kwargs)
[rank1]:            ^^^^^^^^^^^^^^^^^^^^^^^^^^^^^
[rank1]:   File "/home/ubuntu/work/app4/app4/ttt/model/llama_ttt.py", line 144, in forward
[rank1]:     cache = self.init_cache(b, device=x.device, dtype=x.dtype)
[rank1]:             ^^^^^^^^^^^^^^^^^^^^^^^^^^^^^^^^^^^^^^^^^^^^^^^^^^
[rank1]:   File "/home/ubuntu/work/app4/app4/ttt/model/llama_ttt.py", line 122, in init_cache
[rank1]:     _unwrap_fsdp(layer).init_state(batch_size, device=device, dtype=torch.float32)
[rank1]:   File "/home/ubuntu/work/app4/app4/ttt/model/llama_ttt.py", line 75, in init_state
[rank1]:     return self.mixer.init_state(batch_size, device=device, dtype=dtype)
[rank1]:            ^^^^^^^^^^^^^^^^^^^^^^^^^^^^^^^^^^^^^^^^^^^^^^^^^^^^^^^^^^^^^
[rank1]:   File "/home/ubuntu/work/app4/app4/ttt/layers/ttt_linear.py", line 213, in init_state
[rank1]:     return w0.unsqueeze(0).expand(batch_size, -1, -1, -1).clone()
[rank1]:            ^^^^^^^^^^^^^^^
[rank1]: RuntimeError: Output 0 of ViewBackward0 is a view and its base or another view of its base has been modified inplace. This view is the output of a function that returns multiple views. Such functions do not allow the output views to be modified inplace. You should replace the inplace operation by an out-of-place one.
E0111 01:01:13.717000 39858 torch/distributed/elastic/multiprocessing/api.py:882] failed (exitcode: 1) local_rank: 0 (pid: 39979) of binary: /home/ubuntu/work/app4/.venv/bin/python
Traceback (most recent call last):
  File "/home/ubuntu/work/app4/.venv/bin/torchrun", line 7, in <module>
    sys.exit(main())
             ^^^^^^
  File "/home/ubuntu/work/app4/.venv/lib/python3.12/site-packages/torch/distributed/elastic/multiprocessing/errors/__init__.py", line 357, in wrapper
    return f(*args, **kwargs)
           ^^^^^^^^^^^^^^^^^^
  File "/home/ubuntu/work/app4/.venv/lib/python3.12/site-packages/torch/distributed/run.py", line 936, in main
    run(args)
  File "/home/ubuntu/work/app4/.venv/lib/python3.12/site-packages/torch/distributed/run.py", line 927, in run
    elastic_launch(
  File "/home/ubuntu/work/app4/.venv/lib/python3.12/site-packages/torch/distributed/launcher/api.py", line 156, in __call__
    return launch_agent(self._config, self._entrypoint, list(args))
           ^^^^^^^^^^^^^^^^^^^^^^^^^^^^^^^^^^^^^^^^^^^^^^^^^^^^^^^^
  File "/home/ubuntu/work/app4/.venv/lib/python3.12/site-packages/torch/distributed/launcher/api.py", line 293, in launch_agent
    raise ChildFailedError(
torch.distributed.elastic.multiprocessing.errors.ChildFailedError: 
============================================================
app4.ttt.train.train FAILED
------------------------------------------------------------
Failures:
[1]:
  time      : 2026-01-11_01:01:13
  host      : 129-213-17-81
  rank      : 1 (local_rank: 1)
  exitcode  : 1 (pid: 39980)
  error_file: <N/A>
  traceback : To enable traceback see: https://pytorch.org/docs/stable/elastic/errors.html
------------------------------------------------------------
Root Cause (first observed failure):
[0]:
  time      : 2026-01-11_01:01:13
  host      : 129-213-17-81
  rank      : 0 (local_rank: 0)
  exitcode  : 1 (pid: 39979)
  error_file: <N/A>
  traceback : To enable traceback see: https://pytorch.org/docs/stable/elastic/errors.html
============================================================
